\BOOKMARK [1][-]{section*.2}{\376\377\000L\036\335\000i\000\040\000c\036\243\000m\000\040\001\241\000n}{}% 1
\BOOKMARK [1][-]{section*.3}{\376\377\000L\036\335\000i\000\040\000c\000a\000m\000\040\001\021\000o\000a\000n}{}% 2
\BOOKMARK [1][-]{section*.4}{\376\377\000T\000\363\000m\000\040\000t\036\257\000t}{}% 3
\BOOKMARK [1][-]{section.1}{\376\377\000G\000i\036\333\000i\000\040\000t\000h\000i\036\307\000u}{}% 4
\BOOKMARK [2][-]{subsection.1.1}{\376\377\000B\036\321\000i\000\040\000c\036\243\000n\000h\000\040\000v\000\340\000\040\000m\036\345\000c\000\040\000t\000i\000\352\000u\000\040\000n\000g\000h\000i\000\352\000n\000\040\000c\036\351\000u}{section.1}% 5
\BOOKMARK [2][-]{subsection.1.2}{\376\377\000P\000h\036\241\000m\000\040\000v\000i\000\040\000v\000\340\000\040\000g\000i\036\333\000i\000\040\000h\036\241\000n\000\040\000c\036\347\000a\000\040\001\021\036\301\000\040\000t\000\340\000i}{section.1}% 6
\BOOKMARK [3][-]{subsubsection.1.2.1}{\376\377\000P\000h\036\241\000m\000\040\000v\000i\000\040\000n\000g\000h\000i\000\352\000n\000\040\000c\036\351\000u}{subsection.1.2}% 7
\BOOKMARK [3][-]{subsubsection.1.2.2}{\376\377\000G\000i\036\333\000i\000\040\000h\036\241\000n\000\040\000c\036\347\000a\000\040\001\021\036\301\000\040\000t\000\340\000i}{subsection.1.2}% 8
\BOOKMARK [2][-]{subsection.1.3}{\376\377\001\020\000\363\000n\000g\000\040\000g\000\363\000p\000\040\000c\000h\000\355\000n\000h\000\040\000c\036\347\000a\000\040\001\021\036\301\000\040\000t\000\340\000i}{section.1}% 9
\BOOKMARK [2][-]{subsection.1.4}{\376\377\000C\036\245\000u\000\040\000t\000r\000\372\000c\000\040\000c\036\347\000a\000\040\001\021\036\323\000\040\000\341\000n}{section.1}% 10
\BOOKMARK [1][-]{section.2}{\376\377\000C\001\241\000\040\000s\036\337\000\040\000l\000\375\000\040\000t\000h\000u\000y\036\277\000t\000\040\000v\000\340\000\040\000c\000\341\000c\000\040\000n\000g\000h\000i\000\352\000n\000\040\000c\036\351\000u\000\040\000l\000i\000\352\000n\000\040\000q\000u\000a\000n}{}% 11
\BOOKMARK [2][-]{subsection.2.1}{\376\377\000D\000e\000l\000a\000y\000\040\000T\000o\000l\000e\000r\000a\000n\000t\000\040\000N\000e\000t\000w\000o\000r\000k\000\040\000v\000\340\000\040\000M\000e\000s\000s\000a\000g\000e\000\040\000F\000e\000r\000r\000y\000\040\000N\000e\000t\000w\000o\000r\000k}{section.2}% 12
\BOOKMARK [3][-]{subsubsection.2.1.1}{\376\377\000D\000e\000l\000a\000y\000\040\000T\000o\000l\000e\000r\000a\000n\000t\000\040\000N\000e\000t\000w\000o\000r\000k}{subsection.2.1}% 13
\BOOKMARK [3][-]{subsubsection.2.1.2}{\376\377\000B\000u\000n\000d\000l\000e\000\040\000P\000r\000o\000t\000o\000c\000o\000l}{subsection.2.1}% 14
\BOOKMARK [3][-]{subsubsection.2.1.3}{\376\377\000M\000e\000s\000s\000a\000g\000e\000\040\000F\000e\000r\000r\000y\000\040\000N\000e\000t\000w\000o\000r\000k}{subsection.2.1}% 15
\BOOKMARK [2][-]{subsection.2.2}{\376\377\000C\000\341\000c\000\040\000t\000h\000u\036\255\000t\000\040\000t\000o\000\341\000n\000\040\000t\036\321\000i\000\040\001\260\000u\000\040\000h\000\363\000a}{section.2}% 16
\BOOKMARK [3][-]{subsubsection.2.2.1}{\376\377\000T\000h\000u\036\255\000t\000\040\000t\000o\000\341\000n\000\040\000d\000i\000\040\000t\000r\000u\000y\036\301\000n}{subsection.2.2}% 17
\BOOKMARK [3][-]{subsubsection.2.2.2}{\376\377\000T\000h\000u\036\255\000t\000\040\000t\000o\000\341\000n\000\040\000l\000u\000y\036\307\000n\000\040\000k\000i\000m}{subsection.2.2}% 18
\BOOKMARK [3][-]{subsubsection.2.2.3}{\376\377\000C\000\341\000c\000\040\000h\000e\000u\000r\000i\000s\000t\000i\000c\000\040\000c\000h\000o\000\040\000b\000\340\000i\000\040\000t\000o\000\341\000n\000\040\000T\000S\000P}{subsection.2.2}% 19
\BOOKMARK [2][-]{subsection.2.3}{\376\377\000C\000\341\000c\000\040\000n\000g\000h\000i\000\352\000n\000\040\000c\036\351\000u\000\040\000l\000i\000\352\000n\000\040\000q\000u\000a\000n}{section.2}% 20
\BOOKMARK [1][-]{section.3}{\376\377\000G\000i\036\243\000i\000\040\000p\000h\000\341\000p\000\040\001\021\036\301\000\040\000x\000u\036\245\000t}{}% 21
\BOOKMARK [2][-]{subsection.3.1}{\376\377\001\020\036\267\000t\000\040\000v\036\245\000n\000\040\001\021\036\301\000\040\000v\000\340\000\040\000t\036\325\000n\000g\000\040\000q\000u\000a\000n\000\040\001\021\036\301\000\040\000x\000u\036\245\000t}{section.3}% 22
\BOOKMARK [2][-]{subsection.3.2}{\376\377\000G\000i\000a\000o\000\040\000t\000h\036\351\000c\000\040\000t\000r\000a\000o\000\040\001\021\036\325\000i\000\040\000b\000u\000n\000d\000l\000e}{section.3}% 23
\BOOKMARK [3][-]{subsubsection.3.2.1}{\376\377\000C\000\341\000c\000\040\000g\000\363\000i\000\040\000t\000i\000n\000\040\000t\000r\000o\000n\000g\000\040\000g\000i\000a\000o\000\040\000t\000h\036\351\000c}{subsection.3.2}% 24
\BOOKMARK [3][-]{subsubsection.3.2.2}{\376\377\000G\000i\000a\000o\000\040\000t\000h\036\351\000c\000\040\000t\000r\000a\000o\000\040\001\021\036\325\000i\000\040\000g\000i\036\357\000a\000\040\000n\000\372\000t\000\040\000m\036\267\000t\000\040\001\021\036\245\000t\000\040\000v\000\340\000\040\000U\000A\000V}{subsection.3.2}% 25
\BOOKMARK [3][-]{subsubsection.3.2.3}{\376\377\000G\000i\000a\000o\000\040\000t\000h\036\351\000c\000\040\000t\000r\000a\000o\000\040\001\021\036\325\000i\000\040\000g\000i\036\357\000a\000\040\0002\000\040\000U\000A\000V}{subsection.3.2}% 26
\BOOKMARK [2][-]{subsection.3.3}{\376\377\000T\000h\000u\036\255\000t\000\040\000t\000o\000\341\000n\000\040\000q\000u\000y\000\040\000h\000o\036\241\000c\000h\000\040\000l\036\331\000\040\000t\000r\000\354\000n\000h\000\040\0002\000\040\000p\000h\000a\000\040\000H\000-\000m\000T\000S\000P\000-\000R\000E\000\040\000\050\000H\000u\000b\000\040\000m\000-\000T\000r\000a\000v\000e\000l\000i\000n\000g\000\040\000S\000a\000l\000e\000m\000a\000n\000\040\000P\000r\000o\000b\000l\000e\000m\000\040\000a\000n\000d\000\040\000R\000o\000u\000t\000e\000\040\000E\000x\000t\000e\000n\000d\000\051}{section.3}% 27
\BOOKMARK [3][-]{subsubsection.3.3.1}{\376\377\000\335\000\040\000t\001\260\036\337\000n\000g\000\040\000c\036\347\000a\000\040\000t\000h\000u\036\255\000t\000\040\000t\000o\000\341\000n}{subsection.3.3}% 28
\BOOKMARK [3][-]{subsubsection.3.3.2}{\376\377\000P\000h\000a\000\040\0001\000:\000\040\000H\000u\000b\000\040\000m\000T\000S\000P}{subsection.3.3}% 29
\BOOKMARK [3][-]{subsubsection.3.3.3}{\376\377\000P\000h\000a\000\040\0002\000:\000\040\000R\000o\000u\000t\000e\000\040\000E\000x\000t\000e\000n\000d}{subsection.3.3}% 30
\BOOKMARK [3][-]{subsubsection.3.3.4}{\376\377\000X\000\342\000y\000\040\000d\036\361\000n\000g\000\040\000b\036\243\000n\000g\000\040\001\021\036\313\000n\000h\000\040\000t\000u\000y\036\277\000n}{subsection.3.3}% 31
\BOOKMARK [3][-]{subsubsection.3.3.5}{\376\377\001\020\036\323\000n\000g\000\040\000b\036\331\000\040\000l\036\313\000c\000h\000\040\000t\000r\000\354\000n\000h\000\040\000d\000i\000\040\000c\000h\000u\000y\036\303\000n\000\040\000c\036\347\000a\000\040\000c\000\341\000c\000\040\000U\000A\000V}{subsection.3.3}% 32
\BOOKMARK [2][-]{subsection.3.4}{\376\377\000T\036\325\000n\000g\000\040\000k\036\277\000t\000\040\000c\000h\001\260\001\241\000n\000g}{section.3}% 33
\BOOKMARK [1][-]{section.4}{\376\377\000T\000r\000i\036\303\000n\000\040\000k\000h\000a\000i\000\040\000h\036\307\000\040\000t\000h\036\321\000n\000g\000\040\000m\000\364\000\040\000p\000h\036\317\000n\000g\000\040\000v\000\340\000\040\000t\000h\036\355\000\040\000n\000g\000h\000i\036\307\000m}{}% 34
\BOOKMARK [2][-]{subsection.4.1}{\376\377\000M\000\364\000i\000\040\000t\000r\001\260\036\335\000n\000g\000\040\000t\000r\000i\036\303\000n\000\040\000k\000h\000a\000i\000\040\000v\000\340\000\040\000c\000\364\000n\000g\000\040\000c\036\345}{section.4}% 35
\BOOKMARK [3][-]{subsubsection.4.1.1}{\376\377\000N\000e\000t\000w\000o\000r\000k\000\040\000s\000i\000m\000u\000l\000a\000t\000o\000r\000\040\0003}{subsection.4.1}% 36
\BOOKMARK [3][-]{subsubsection.4.1.2}{\376\377\000C\036\245\000u\000\040\000h\000\354\000n\000h\000\040\000p\000h\036\247\000n\000\040\000c\036\351\000n\000g\000\040\000v\000\340\000\040\000m\000\364\000i\000\040\000t\000r\001\260\036\335\000n\000g\000\040\000c\000h\036\241\000y}{subsection.4.1}% 37
\BOOKMARK [2][-]{subsection.4.2}{\376\377\000C\036\245\000u\000\040\000h\000\354\000n\000h\000\040\000t\000h\036\355\000\040\000n\000g\000h\000i\036\307\000m}{section.4}% 38
\BOOKMARK [3][-]{subsubsection.4.2.1}{\376\377\000C\036\245\000u\000\040\000h\000\354\000n\000h\000\040\000c\000\341\000c\000\040\000k\036\313\000c\000h\000\040\000b\036\243\000n}{subsection.4.2}% 39
\BOOKMARK [3][-]{subsubsection.4.2.2}{\376\377\000T\000h\000a\000m\000\040\000s\036\321\000\040\000c\000h\000o\000\040\000c\000\341\000c\000\040\000t\000h\000u\036\255\000t\000\040\000t\000o\000\341\000n\000\040\000t\036\321\000i\000\040\001\260\000u\000\040\000h\000\363\000a}{subsection.4.2}% 40
\BOOKMARK [2][-]{subsection.4.3}{\376\377\000K\036\277\000t\000\040\000q\000u\036\243\000\040\000v\000\340\000\040\000p\000h\000\342\000n\000\040\000t\000\355\000c\000h}{section.4}% 41
\BOOKMARK [3][-]{subsubsection.4.3.1}{\376\377\000T\036\325\000n\000g\000\040\000q\000u\000a\000n}{subsection.4.3}% 42
\BOOKMARK [3][-]{subsubsection.4.3.2}{\376\377\000K\036\277\000t\000\040\000q\000u\036\243\000\040\000t\000r\000\352\000n\000\040\000c\000\341\000c\000\040\000k\036\313\000c\000h\000\040\000b\036\243\000n\000\040\000v\036\333\000i\000\040\000s\036\321\000\040\000l\001\260\036\343\000n\000g\000\040\000u\000a\000v\000\040\000t\000h\000a\000y\000\040\001\021\036\325\000i}{subsection.4.3}% 43
\BOOKMARK [3][-]{subsubsection.4.3.3}{\376\377\000K\036\277\000t\000\040\000q\000u\036\243\000\040\000t\000r\000\352\000n\000\040\000c\000\341\000c\000\040\000k\036\313\000c\000h\000\040\000b\036\243\000n\000\040\000v\036\333\000i\000\040\000d\000u\000n\000g\000\040\000l\001\260\036\343\000n\000g\000\040\000b\036\331\000\040\001\021\036\307\000m\000\040\000t\000h\000a\000y\000\040\001\021\036\325\000i}{subsection.4.3}% 44
\BOOKMARK [2][-]{subsection.4.4}{\376\377\000T\036\325\000n\000g\000\040\000k\036\277\000t\000\040\000c\000h\001\260\001\241\000n\000g}{section.4}% 45
\BOOKMARK [1][-]{section.5}{\376\377\000K\036\277\000t\000\040\000l\000u\036\255\000n\000\040\000v\000\340\000\040\000h\001\260\036\333\000n\000g\000\040\000p\000h\000\341\000t\000\040\000t\000r\000i\036\303\000n}{}% 46
\BOOKMARK [2][-]{subsection.5.1}{\376\377\001\020\000\363\000n\000g\000\040\000g\000\363\000p\000\040\000c\000h\000\355\000n\000h\000\040\000c\036\347\000a\000\040\000H\000-\000m\000T\000S\000P\000-\000R\000E}{section.5}% 47
\BOOKMARK [2][-]{subsection.5.2}{\376\377\000H\036\241\000n\000\040\000c\000h\036\277}{section.5}% 48
\BOOKMARK [2][-]{subsection.5.3}{\376\377\000H\001\260\036\333\000n\000g\000\040\000n\000g\000h\000i\000\352\000n\000\040\000c\036\351\000u\000\040\000t\000i\036\277\000p\000\040\000t\000h\000e\000o}{section.5}% 49
\BOOKMARK [2][-]{subsection.5.4}{\376\377\000T\036\325\000n\000g\000\040\000k\036\277\000t\000\040\000c\000h\001\260\001\241\000n\000g}{section.5}% 50
\BOOKMARK [1][-]{section*.16}{\376\377\000T\036\325\000n\000g\000\040\000k\036\277\000t}{}% 51
\BOOKMARK [1][-]{section*.17}{\376\377\000T\000\340\000i\000\040\000l\000i\036\307\000u\000\040\000t\000h\000a\000m\000\040\000k\000h\036\243\000o}{}% 52
